{
  "uid" : "101665eb4b41c51",
  "name" : "FormTests",
  "fullName" : "org.mytests.tests.example.FormTests",
  "historyId" : "2da511db41622508ba83cf8d5547d6c2",
  "time" : {
    "start" : 1630073555930,
    "stop" : 1630073555930,
    "duration" : 0
  },
  "description" : "",
  "status" : "broken",
  "statusMessage" : "Can't get WebDriver: chrome",
  "statusTrace" : "java.lang.RuntimeException: Can't get WebDriver: chrome\n\tat com.epam.jdi.light.common.Exceptions.exception(Exceptions.java:31)\n\tat com.epam.jdi.light.driver.WebDriverFactory.getDriver(WebDriverFactory.java:215)\n\tat org.mytests.tests.example.extensions.JDISetupExtension.beforeAll(JDISetupExtension.java:30)\n\tat org.junit.jupiter.engine.descriptor.ClassBasedTestDescriptor.lambda$invokeBeforeAllCallbacks$7(ClassBasedTestDescriptor.java:359)\n\tat org.junit.platform.engine.support.hierarchical.ThrowableCollector.execute(ThrowableCollector.java:73)\n\tat org.junit.jupiter.engine.descriptor.ClassBasedTestDescriptor.invokeBeforeAllCallbacks(ClassBasedTestDescriptor.java:359)\n\tat org.junit.jupiter.engine.descriptor.ClassBasedTestDescriptor.before(ClassBasedTestDescriptor.java:189)\n\tat org.junit.jupiter.engine.descriptor.ClassBasedTestDescriptor.before(ClassBasedTestDescriptor.java:78)\n\tat org.junit.platform.engine.support.hierarchical.NodeTestTask.lambda$executeRecursively$5(NodeTestTask.java:132)\n\tat org.junit.platform.engine.support.hierarchical.ThrowableCollector.execute(ThrowableCollector.java:73)\n\tat org.junit.platform.engine.support.hierarchical.NodeTestTask.lambda$executeRecursively$7(NodeTestTask.java:125)\n\tat org.junit.platform.engine.support.hierarchical.Node.around(Node.java:135)\n\tat org.junit.platform.engine.support.hierarchical.NodeTestTask.lambda$executeRecursively$8(NodeTestTask.java:123)\n\tat org.junit.platform.engine.support.hierarchical.ThrowableCollector.execute(ThrowableCollector.java:73)\n\tat org.junit.platform.engine.support.hierarchical.NodeTestTask.executeRecursively(NodeTestTask.java:122)\n\tat org.junit.platform.engine.support.hierarchical.NodeTestTask.execute(NodeTestTask.java:80)\n\tat java.base/java.util.ArrayList.forEach(ArrayList.java:1541)\n\tat org.junit.platform.engine.support.hierarchical.SameThreadHierarchicalTestExecutorService.invokeAll(SameThreadHierarchicalTestExecutorService.java:38)\n\tat org.junit.platform.engine.support.hierarchical.NodeTestTask.lambda$executeRecursively$5(NodeTestTask.java:139)\n\tat org.junit.platform.engine.support.hierarchical.ThrowableCollector.execute(ThrowableCollector.java:73)\n\tat org.junit.platform.engine.support.hierarchical.NodeTestTask.lambda$executeRecursively$7(NodeTestTask.java:125)\n\tat org.junit.platform.engine.support.hierarchical.Node.around(Node.java:135)\n\tat org.junit.platform.engine.support.hierarchical.NodeTestTask.lambda$executeRecursively$8(NodeTestTask.java:123)\n\tat org.junit.platform.engine.support.hierarchical.ThrowableCollector.execute(ThrowableCollector.java:73)\n\tat org.junit.platform.engine.support.hierarchical.NodeTestTask.executeRecursively(NodeTestTask.java:122)\n\tat org.junit.platform.engine.support.hierarchical.NodeTestTask.execute(NodeTestTask.java:80)\n\tat org.junit.platform.engine.support.hierarchical.SameThreadHierarchicalTestExecutorService.submit(SameThreadHierarchicalTestExecutorService.java:32)\n\tat org.junit.platform.engine.support.hierarchical.HierarchicalTestExecutor.execute(HierarchicalTestExecutor.java:57)\n\tat org.junit.platform.engine.support.hierarchical.HierarchicalTestEngine.execute(HierarchicalTestEngine.java:51)\n\tat org.junit.platform.launcher.core.DefaultLauncher.execute(DefaultLauncher.java:229)\n\tat org.junit.platform.launcher.core.DefaultLauncher.lambda$execute$6(DefaultLauncher.java:197)\n\tat org.junit.platform.launcher.core.DefaultLauncher.withInterceptedStreams(DefaultLauncher.java:211)\n\tat org.junit.platform.launcher.core.DefaultLauncher.execute(DefaultLauncher.java:191)\n\tat org.junit.platform.launcher.core.DefaultLauncher.execute(DefaultLauncher.java:128)\n\tat org.apache.maven.surefire.junitplatform.JUnitPlatformProvider.invokeAllTests(JUnitPlatformProvider.java:154)\n\tat org.apache.maven.surefire.junitplatform.JUnitPlatformProvider.invoke(JUnitPlatformProvider.java:127)\n\tat org.apache.maven.surefire.booter.ForkedBooter.runSuitesInProcess(ForkedBooter.java:377)\n\tat org.apache.maven.surefire.booter.ForkedBooter.execute(ForkedBooter.java:138)\n\tat org.apache.maven.surefire.booter.ForkedBooter.run(ForkedBooter.java:465)\n\tat org.apache.maven.surefire.booter.ForkedBooter.main(ForkedBooter.java:451)\nCaused by: java.lang.RuntimeException: java.lang.RuntimeException: Failed to Run driver 'chrome' from driverPath = null\n\tat com.epam.jdi.tools.func.JFunc1.execute(JFunc1.java:21)\n\tat com.epam.jdi.light.driver.WebDriverFactory.getDriver(WebDriverFactory.java:213)\n\t... 38 more\nCaused by: java.lang.RuntimeException: Failed to Run driver 'chrome' from driverPath = null\n\tat com.epam.jdi.light.common.Exceptions.exception(Exceptions.java:31)\n\tat com.epam.jdi.light.driver.WebDriverFactory.getDriverException(WebDriverFactory.java:140)\n\tat com.epam.jdi.light.driver.WebDriverFactory.getDriverByName(WebDriverFactory.java:120)\n\tat com.epam.jdi.tools.func.JFunc1.execute(JFunc1.java:19)\n\t... 39 more\nCaused by: java.lang.RuntimeException: Can't run and register new driver 'chrome'\n\tat com.epam.jdi.light.common.Exceptions.exception(Exceptions.java:31)\n\tat com.epam.jdi.light.driver.WebDriverFactory.registerNewDriver(WebDriverFactory.java:84)\n\tat com.epam.jdi.light.driver.WebDriverFactory.getDriverFromName(WebDriverFactory.java:151)\n\tat com.epam.jdi.light.driver.WebDriverFactory.getDriverByName(WebDriverFactory.java:118)\n\t... 40 more\nCaused by: java.lang.RuntimeException: \nFailed to get valid driver 'chrome'\n\tat com.epam.jdi.light.common.Exceptions.exception(Exceptions.java:16)\n\tat com.epam.jdi.light.driver.WebDriverFactory.getValidDriver(WebDriverFactory.java:107)\n\tat com.epam.jdi.light.driver.WebDriverFactory.registerNewDriver(WebDriverFactory.java:79)\n\t... 42 more\n",
  "flaky" : false,
  "newFailed" : false,
  "beforeStages" : [ ],
  "afterStages" : [ ],
  "labels" : [ {
    "name" : "host",
    "value" : "fv-az234-537"
  }, {
    "name" : "thread",
    "value" : "3894@fv-az234-537.main(1)"
  }, {
    "name" : "framework",
    "value" : "junit-platform"
  }, {
    "name" : "language",
    "value" : "java"
  }, {
    "name" : "package",
    "value" : "org.mytests.tests.example.FormTests"
  }, {
    "name" : "testClass",
    "value" : "org.mytests.tests.example.FormTests"
  }, {
    "name" : "suite",
    "value" : "org.mytests.tests.example.FormTests"
  }, {
    "name" : "resultFormat",
    "value" : "allure2"
  } ],
  "parameters" : [ ],
  "links" : [ ],
  "hidden" : false,
  "retry" : false,
  "extra" : {
    "severity" : "normal",
    "retries" : [ ],
    "categories" : [ {
      "name" : "Test defects",
      "matchedStatuses" : [ ],
      "flaky" : false
    } ],
    "history" : {
      "statistic" : {
        "failed" : 0,
        "broken" : 13,
        "skipped" : 0,
        "passed" : 0,
        "unknown" : 0,
        "total" : 13
      },
      "items" : [ {
        "uid" : "6417a3c2ca7ebab8",
        "reportUrl" : "https://jdi-templates.github.io/jdi-light-junit-template/5//#testresult/6417a3c2ca7ebab8",
        "status" : "broken",
        "statusDetails" : "Can't get WebDriver: chrome",
        "time" : {
          "start" : 1630073476815,
          "stop" : 1630073476815,
          "duration" : 0
        }
      }, {
        "uid" : "d678e7d60961de9b",
        "reportUrl" : "https://jdi-templates.github.io/jdi-light-junit-template/5//#testresult/d678e7d60961de9b",
        "status" : "broken",
        "statusDetails" : "Can't get WebDriver: chrome",
        "time" : {
          "start" : 1630073405251,
          "stop" : 1630073405251,
          "duration" : 0
        }
      }, {
        "uid" : "3d07d0904b2e3c3e",
        "reportUrl" : "https://jdi-templates.github.io/jdi-light-junit-template/5//#testresult/3d07d0904b2e3c3e",
        "status" : "broken",
        "statusDetails" : "Can't get WebDriver: chrome",
        "time" : {
          "start" : 1630073322907,
          "stop" : 1630073322907,
          "duration" : 0
        }
      }, {
        "uid" : "4e403c6393be5c",
        "reportUrl" : "https://jdi-templates.github.io/jdi-light-junit-template/4//#testresult/4e403c6393be5c",
        "status" : "broken",
        "statusDetails" : "Can't get WebDriver: chrome",
        "time" : {
          "start" : 1629905366413,
          "stop" : 1629905366413,
          "duration" : 0
        }
      }, {
        "uid" : "8955d4a8317e9093",
        "reportUrl" : "https://jdi-templates.github.io/jdi-light-junit-template/4//#testresult/8955d4a8317e9093",
        "status" : "broken",
        "statusDetails" : "Can't get WebDriver: chrome",
        "time" : {
          "start" : 1629905280105,
          "stop" : 1629905280105,
          "duration" : 0
        }
      }, {
        "uid" : "326510165ae0499f",
        "reportUrl" : "https://jdi-templates.github.io/jdi-light-junit-template/4//#testresult/326510165ae0499f",
        "status" : "broken",
        "statusDetails" : "Can't get WebDriver: chrome",
        "time" : {
          "start" : 1629905193141,
          "stop" : 1629905193141,
          "duration" : 0
        }
      }, {
        "uid" : "8e92204cbce4d632",
        "reportUrl" : "https://jdi-templates.github.io/jdi-light-junit-template/4//#testresult/8e92204cbce4d632",
        "status" : "broken",
        "statusDetails" : "Can't get WebDriver: chrome",
        "time" : {
          "start" : 1629905118851,
          "stop" : 1629905118851,
          "duration" : 0
        }
      }, {
        "uid" : "ff44531254083e05",
        "reportUrl" : "https://jdi-templates.github.io/jdi-light-junit-template/4//#testresult/ff44531254083e05",
        "status" : "broken",
        "statusDetails" : "Can't get WebDriver: chrome",
        "time" : {
          "start" : 1629905050621,
          "stop" : 1629905050621,
          "duration" : 0
        }
      }, {
        "uid" : "188c4e2c5fa9000a",
        "reportUrl" : "https://jdi-templates.github.io/jdi-light-junit-template/4//#testresult/188c4e2c5fa9000a",
        "status" : "broken",
        "statusDetails" : "Can't get WebDriver: chrome",
        "time" : {
          "start" : 1629904975308,
          "stop" : 1629904975308,
          "duration" : 0
        }
      }, {
        "uid" : "decf20ba33c39192",
        "reportUrl" : "https://jdi-templates.github.io/jdi-light-junit-template/4//#testresult/decf20ba33c39192",
        "status" : "broken",
        "statusDetails" : "Can't get WebDriver: chrome",
        "time" : {
          "start" : 1629904903217,
          "stop" : 1629904903217,
          "duration" : 0
        }
      }, {
        "uid" : "2ba7e107c4b0f226",
        "reportUrl" : "https://jdi-templates.github.io/jdi-light-junit-template/4//#testresult/2ba7e107c4b0f226",
        "status" : "broken",
        "statusDetails" : "Can't get WebDriver: chrome",
        "time" : {
          "start" : 1629904826624,
          "stop" : 1629904826624,
          "duration" : 0
        }
      }, {
        "uid" : "51ce9185f0316a2e",
        "reportUrl" : "https://jdi-templates.github.io/jdi-light-junit-template/3//#testresult/51ce9185f0316a2e",
        "status" : "broken",
        "statusDetails" : "Can't get WebDriver: chrome",
        "time" : {
          "start" : 1629904693673,
          "stop" : 1629904693673,
          "duration" : 0
        }
      } ]
    },
    "tags" : [ ]
  },
  "source" : "101665eb4b41c51.json",
  "parameterValues" : [ ]
}