{
  "uid" : "ec63cc5184222993",
  "name" : "JDIPerformanceTests",
  "fullName" : "org.mytests.tests.example.JDIPerformanceTests",
  "historyId" : "c77853e82d89aefc2d97d838c4b0ddd0",
  "time" : {
    "start" : 1630073702184,
    "stop" : 1630073702184,
    "duration" : 0
  },
  "description" : "",
  "status" : "broken",
  "statusMessage" : "Can't get WebDriver: chrome",
  "statusTrace" : "java.lang.RuntimeException: Can't get WebDriver: chrome\n\tat com.epam.jdi.light.common.Exceptions.exception(Exceptions.java:31)\n\tat com.epam.jdi.light.driver.WebDriverFactory.getDriver(WebDriverFactory.java:215)\n\tat org.mytests.tests.example.extensions.JDISetupExtension.beforeAll(JDISetupExtension.java:30)\n\tat org.junit.jupiter.engine.descriptor.ClassBasedTestDescriptor.lambda$invokeBeforeAllCallbacks$7(ClassBasedTestDescriptor.java:359)\n\tat org.junit.platform.engine.support.hierarchical.ThrowableCollector.execute(ThrowableCollector.java:73)\n\tat org.junit.jupiter.engine.descriptor.ClassBasedTestDescriptor.invokeBeforeAllCallbacks(ClassBasedTestDescriptor.java:359)\n\tat org.junit.jupiter.engine.descriptor.ClassBasedTestDescriptor.before(ClassBasedTestDescriptor.java:189)\n\tat org.junit.jupiter.engine.descriptor.ClassBasedTestDescriptor.before(ClassBasedTestDescriptor.java:78)\n\tat org.junit.platform.engine.support.hierarchical.NodeTestTask.lambda$executeRecursively$5(NodeTestTask.java:132)\n\tat org.junit.platform.engine.support.hierarchical.ThrowableCollector.execute(ThrowableCollector.java:73)\n\tat org.junit.platform.engine.support.hierarchical.NodeTestTask.lambda$executeRecursively$7(NodeTestTask.java:125)\n\tat org.junit.platform.engine.support.hierarchical.Node.around(Node.java:135)\n\tat org.junit.platform.engine.support.hierarchical.NodeTestTask.lambda$executeRecursively$8(NodeTestTask.java:123)\n\tat org.junit.platform.engine.support.hierarchical.ThrowableCollector.execute(ThrowableCollector.java:73)\n\tat org.junit.platform.engine.support.hierarchical.NodeTestTask.executeRecursively(NodeTestTask.java:122)\n\tat org.junit.platform.engine.support.hierarchical.NodeTestTask.execute(NodeTestTask.java:80)\n\tat java.base/java.util.ArrayList.forEach(ArrayList.java:1508)\n\tat org.junit.platform.engine.support.hierarchical.SameThreadHierarchicalTestExecutorService.invokeAll(SameThreadHierarchicalTestExecutorService.java:38)\n\tat org.junit.platform.engine.support.hierarchical.NodeTestTask.lambda$executeRecursively$5(NodeTestTask.java:139)\n\tat org.junit.platform.engine.support.hierarchical.ThrowableCollector.execute(ThrowableCollector.java:73)\n\tat org.junit.platform.engine.support.hierarchical.NodeTestTask.lambda$executeRecursively$7(NodeTestTask.java:125)\n\tat org.junit.platform.engine.support.hierarchical.Node.around(Node.java:135)\n\tat org.junit.platform.engine.support.hierarchical.NodeTestTask.lambda$executeRecursively$8(NodeTestTask.java:123)\n\tat org.junit.platform.engine.support.hierarchical.ThrowableCollector.execute(ThrowableCollector.java:73)\n\tat org.junit.platform.engine.support.hierarchical.NodeTestTask.executeRecursively(NodeTestTask.java:122)\n\tat org.junit.platform.engine.support.hierarchical.NodeTestTask.execute(NodeTestTask.java:80)\n\tat org.junit.platform.engine.support.hierarchical.SameThreadHierarchicalTestExecutorService.submit(SameThreadHierarchicalTestExecutorService.java:32)\n\tat org.junit.platform.engine.support.hierarchical.HierarchicalTestExecutor.execute(HierarchicalTestExecutor.java:57)\n\tat org.junit.platform.engine.support.hierarchical.HierarchicalTestEngine.execute(HierarchicalTestEngine.java:51)\n\tat org.junit.platform.launcher.core.DefaultLauncher.execute(DefaultLauncher.java:229)\n\tat org.junit.platform.launcher.core.DefaultLauncher.lambda$execute$6(DefaultLauncher.java:197)\n\tat org.junit.platform.launcher.core.DefaultLauncher.withInterceptedStreams(DefaultLauncher.java:211)\n\tat org.junit.platform.launcher.core.DefaultLauncher.execute(DefaultLauncher.java:191)\n\tat org.junit.platform.launcher.core.DefaultLauncher.execute(DefaultLauncher.java:128)\n\tat org.apache.maven.surefire.junitplatform.JUnitPlatformProvider.invokeAllTests(JUnitPlatformProvider.java:154)\n\tat org.apache.maven.surefire.junitplatform.JUnitPlatformProvider.invoke(JUnitPlatformProvider.java:127)\n\tat org.apache.maven.surefire.booter.ForkedBooter.runSuitesInProcess(ForkedBooter.java:377)\n\tat org.apache.maven.surefire.booter.ForkedBooter.execute(ForkedBooter.java:138)\n\tat org.apache.maven.surefire.booter.ForkedBooter.run(ForkedBooter.java:465)\n\tat org.apache.maven.surefire.booter.ForkedBooter.main(ForkedBooter.java:451)\nCaused by: java.lang.RuntimeException: java.lang.RuntimeException: Failed to Run driver 'chrome' from driverPath = null\n\tat com.epam.jdi.tools.func.JFunc1.execute(JFunc1.java:21)\n\tat com.epam.jdi.light.driver.WebDriverFactory.getDriver(WebDriverFactory.java:213)\n\t... 38 more\nCaused by: java.lang.RuntimeException: Failed to Run driver 'chrome' from driverPath = null\n\tat com.epam.jdi.light.common.Exceptions.exception(Exceptions.java:31)\n\tat com.epam.jdi.light.driver.WebDriverFactory.getDriverException(WebDriverFactory.java:140)\n\tat com.epam.jdi.light.driver.WebDriverFactory.getDriverByName(WebDriverFactory.java:120)\n\tat com.epam.jdi.tools.func.JFunc1.execute(JFunc1.java:19)\n\t... 39 more\nCaused by: java.lang.RuntimeException: Can't run and register new driver 'chrome'\n\tat com.epam.jdi.light.common.Exceptions.exception(Exceptions.java:31)\n\tat com.epam.jdi.light.driver.WebDriverFactory.registerNewDriver(WebDriverFactory.java:84)\n\tat com.epam.jdi.light.driver.WebDriverFactory.getDriverFromName(WebDriverFactory.java:151)\n\tat com.epam.jdi.light.driver.WebDriverFactory.getDriverByName(WebDriverFactory.java:118)\n\t... 40 more\nCaused by: java.lang.RuntimeException: \nFailed to get valid driver 'chrome'\n\tat com.epam.jdi.light.common.Exceptions.exception(Exceptions.java:16)\n\tat com.epam.jdi.light.driver.WebDriverFactory.getValidDriver(WebDriverFactory.java:107)\n\tat com.epam.jdi.light.driver.WebDriverFactory.registerNewDriver(WebDriverFactory.java:79)\n\t... 42 more\n",
  "flaky" : false,
  "newFailed" : false,
  "beforeStages" : [ ],
  "afterStages" : [ ],
  "labels" : [ {
    "name" : "host",
    "value" : "fv-az232-588"
  }, {
    "name" : "thread",
    "value" : "4271@fv-az232-588.main(1)"
  }, {
    "name" : "framework",
    "value" : "junit-platform"
  }, {
    "name" : "language",
    "value" : "java"
  }, {
    "name" : "package",
    "value" : "org.mytests.tests.example.JDIPerformanceTests"
  }, {
    "name" : "testClass",
    "value" : "org.mytests.tests.example.JDIPerformanceTests"
  }, {
    "name" : "suite",
    "value" : "org.mytests.tests.example.JDIPerformanceTests"
  }, {
    "name" : "resultFormat",
    "value" : "allure2"
  } ],
  "parameters" : [ ],
  "links" : [ ],
  "hidden" : false,
  "retry" : false,
  "extra" : {
    "severity" : "normal",
    "retries" : [ ],
    "categories" : [ {
      "name" : "Test defects",
      "matchedStatuses" : [ ],
      "flaky" : false
    } ],
    "history" : {
      "statistic" : {
        "failed" : 0,
        "broken" : 15,
        "skipped" : 0,
        "passed" : 0,
        "unknown" : 0,
        "total" : 15
      },
      "items" : [ {
        "uid" : "394bff782d99cb49",
        "reportUrl" : "https://jdi-templates.github.io/jdi-light-junit-template/5//#testresult/394bff782d99cb49",
        "status" : "broken",
        "statusDetails" : "Can't get WebDriver: chrome",
        "time" : {
          "start" : 1630073627723,
          "stop" : 1630073627723,
          "duration" : 0
        }
      }, {
        "uid" : "ad0c667f6d9d4fe8",
        "reportUrl" : "https://jdi-templates.github.io/jdi-light-junit-template/5//#testresult/ad0c667f6d9d4fe8",
        "status" : "broken",
        "statusDetails" : "Can't get WebDriver: chrome",
        "time" : {
          "start" : 1630073555851,
          "stop" : 1630073555851,
          "duration" : 0
        }
      }, {
        "uid" : "4cd273b2ba7324af",
        "reportUrl" : "https://jdi-templates.github.io/jdi-light-junit-template/5//#testresult/4cd273b2ba7324af",
        "status" : "broken",
        "statusDetails" : "Can't get WebDriver: chrome",
        "time" : {
          "start" : 1630073476719,
          "stop" : 1630073476719,
          "duration" : 0
        }
      }, {
        "uid" : "d5baf5a2fea5dd82",
        "reportUrl" : "https://jdi-templates.github.io/jdi-light-junit-template/5//#testresult/d5baf5a2fea5dd82",
        "status" : "broken",
        "statusDetails" : "Can't get WebDriver: chrome",
        "time" : {
          "start" : 1630073405170,
          "stop" : 1630073405170,
          "duration" : 0
        }
      }, {
        "uid" : "1a58924a711959ac",
        "reportUrl" : "https://jdi-templates.github.io/jdi-light-junit-template/5//#testresult/1a58924a711959ac",
        "status" : "broken",
        "statusDetails" : "Can't get WebDriver: chrome",
        "time" : {
          "start" : 1630073322836,
          "stop" : 1630073322836,
          "duration" : 0
        }
      }, {
        "uid" : "c52428188e67c1a4",
        "reportUrl" : "https://jdi-templates.github.io/jdi-light-junit-template/4//#testresult/c52428188e67c1a4",
        "status" : "broken",
        "statusDetails" : "Can't get WebDriver: chrome",
        "time" : {
          "start" : 1629905366322,
          "stop" : 1629905366322,
          "duration" : 0
        }
      }, {
        "uid" : "15954fad64933813",
        "reportUrl" : "https://jdi-templates.github.io/jdi-light-junit-template/4//#testresult/15954fad64933813",
        "status" : "broken",
        "statusDetails" : "Can't get WebDriver: chrome",
        "time" : {
          "start" : 1629905279999,
          "stop" : 1629905279999,
          "duration" : 0
        }
      }, {
        "uid" : "38cbe34cd65bd33",
        "reportUrl" : "https://jdi-templates.github.io/jdi-light-junit-template/4//#testresult/38cbe34cd65bd33",
        "status" : "broken",
        "statusDetails" : "Can't get WebDriver: chrome",
        "time" : {
          "start" : 1629905193037,
          "stop" : 1629905193037,
          "duration" : 0
        }
      }, {
        "uid" : "f096dcdc46a0799b",
        "reportUrl" : "https://jdi-templates.github.io/jdi-light-junit-template/4//#testresult/f096dcdc46a0799b",
        "status" : "broken",
        "statusDetails" : "Can't get WebDriver: chrome",
        "time" : {
          "start" : 1629905118760,
          "stop" : 1629905118760,
          "duration" : 0
        }
      }, {
        "uid" : "ade313f4510e0d72",
        "reportUrl" : "https://jdi-templates.github.io/jdi-light-junit-template/4//#testresult/ade313f4510e0d72",
        "status" : "broken",
        "statusDetails" : "Can't get WebDriver: chrome",
        "time" : {
          "start" : 1629905050498,
          "stop" : 1629905050498,
          "duration" : 0
        }
      }, {
        "uid" : "7b884c94a3992cf7",
        "reportUrl" : "https://jdi-templates.github.io/jdi-light-junit-template/4//#testresult/7b884c94a3992cf7",
        "status" : "broken",
        "statusDetails" : "Can't get WebDriver: chrome",
        "time" : {
          "start" : 1629904975179,
          "stop" : 1629904975179,
          "duration" : 0
        }
      }, {
        "uid" : "60675aaeda483fc6",
        "reportUrl" : "https://jdi-templates.github.io/jdi-light-junit-template/4//#testresult/60675aaeda483fc6",
        "status" : "broken",
        "statusDetails" : "Can't get WebDriver: chrome",
        "time" : {
          "start" : 1629904903128,
          "stop" : 1629904903128,
          "duration" : 0
        }
      }, {
        "uid" : "336548ebeec06774",
        "reportUrl" : "https://jdi-templates.github.io/jdi-light-junit-template/4//#testresult/336548ebeec06774",
        "status" : "broken",
        "statusDetails" : "Can't get WebDriver: chrome",
        "time" : {
          "start" : 1629904826526,
          "stop" : 1629904826526,
          "duration" : 0
        }
      }, {
        "uid" : "a540609010cf6980",
        "reportUrl" : "https://jdi-templates.github.io/jdi-light-junit-template/3//#testresult/a540609010cf6980",
        "status" : "broken",
        "statusDetails" : "Can't get WebDriver: chrome",
        "time" : {
          "start" : 1629904693572,
          "stop" : 1629904693572,
          "duration" : 0
        }
      } ]
    },
    "tags" : [ ]
  },
  "source" : "ec63cc5184222993.json",
  "parameterValues" : [ ]
}