{
  "uid" : "f4f003d0c1c3e662",
  "name" : "DataTableTests",
  "fullName" : "org.mytests.tests.example.DataTableTests",
  "historyId" : "ca3963750d6994b1516208e24d3ece26",
  "time" : {
    "start" : 1630073627756,
    "stop" : 1630073627756,
    "duration" : 0
  },
  "description" : "",
  "status" : "broken",
  "statusMessage" : "Can't get WebDriver: chrome",
  "statusTrace" : "java.lang.RuntimeException: Can't get WebDriver: chrome\n\tat com.epam.jdi.light.common.Exceptions.exception(Exceptions.java:31)\n\tat com.epam.jdi.light.driver.WebDriverFactory.getDriver(WebDriverFactory.java:215)\n\tat org.mytests.tests.example.extensions.JDISetupExtension.beforeAll(JDISetupExtension.java:30)\n\tat org.junit.jupiter.engine.descriptor.ClassBasedTestDescriptor.lambda$invokeBeforeAllCallbacks$7(ClassBasedTestDescriptor.java:359)\n\tat org.junit.platform.engine.support.hierarchical.ThrowableCollector.execute(ThrowableCollector.java:73)\n\tat org.junit.jupiter.engine.descriptor.ClassBasedTestDescriptor.invokeBeforeAllCallbacks(ClassBasedTestDescriptor.java:359)\n\tat org.junit.jupiter.engine.descriptor.ClassBasedTestDescriptor.before(ClassBasedTestDescriptor.java:189)\n\tat org.junit.jupiter.engine.descriptor.ClassBasedTestDescriptor.before(ClassBasedTestDescriptor.java:78)\n\tat org.junit.platform.engine.support.hierarchical.NodeTestTask.lambda$executeRecursively$5(NodeTestTask.java:132)\n\tat org.junit.platform.engine.support.hierarchical.ThrowableCollector.execute(ThrowableCollector.java:73)\n\tat org.junit.platform.engine.support.hierarchical.NodeTestTask.lambda$executeRecursively$7(NodeTestTask.java:125)\n\tat org.junit.platform.engine.support.hierarchical.Node.around(Node.java:135)\n\tat org.junit.platform.engine.support.hierarchical.NodeTestTask.lambda$executeRecursively$8(NodeTestTask.java:123)\n\tat org.junit.platform.engine.support.hierarchical.ThrowableCollector.execute(ThrowableCollector.java:73)\n\tat org.junit.platform.engine.support.hierarchical.NodeTestTask.executeRecursively(NodeTestTask.java:122)\n\tat org.junit.platform.engine.support.hierarchical.NodeTestTask.execute(NodeTestTask.java:80)\n\tat java.base/java.util.ArrayList.forEach(ArrayList.java:1540)\n\tat org.junit.platform.engine.support.hierarchical.SameThreadHierarchicalTestExecutorService.invokeAll(SameThreadHierarchicalTestExecutorService.java:38)\n\tat org.junit.platform.engine.support.hierarchical.NodeTestTask.lambda$executeRecursively$5(NodeTestTask.java:139)\n\tat org.junit.platform.engine.support.hierarchical.ThrowableCollector.execute(ThrowableCollector.java:73)\n\tat org.junit.platform.engine.support.hierarchical.NodeTestTask.lambda$executeRecursively$7(NodeTestTask.java:125)\n\tat org.junit.platform.engine.support.hierarchical.Node.around(Node.java:135)\n\tat org.junit.platform.engine.support.hierarchical.NodeTestTask.lambda$executeRecursively$8(NodeTestTask.java:123)\n\tat org.junit.platform.engine.support.hierarchical.ThrowableCollector.execute(ThrowableCollector.java:73)\n\tat org.junit.platform.engine.support.hierarchical.NodeTestTask.executeRecursively(NodeTestTask.java:122)\n\tat org.junit.platform.engine.support.hierarchical.NodeTestTask.execute(NodeTestTask.java:80)\n\tat org.junit.platform.engine.support.hierarchical.SameThreadHierarchicalTestExecutorService.submit(SameThreadHierarchicalTestExecutorService.java:32)\n\tat org.junit.platform.engine.support.hierarchical.HierarchicalTestExecutor.execute(HierarchicalTestExecutor.java:57)\n\tat org.junit.platform.engine.support.hierarchical.HierarchicalTestEngine.execute(HierarchicalTestEngine.java:51)\n\tat org.junit.platform.launcher.core.DefaultLauncher.execute(DefaultLauncher.java:229)\n\tat org.junit.platform.launcher.core.DefaultLauncher.lambda$execute$6(DefaultLauncher.java:197)\n\tat org.junit.platform.launcher.core.DefaultLauncher.withInterceptedStreams(DefaultLauncher.java:211)\n\tat org.junit.platform.launcher.core.DefaultLauncher.execute(DefaultLauncher.java:191)\n\tat org.junit.platform.launcher.core.DefaultLauncher.execute(DefaultLauncher.java:128)\n\tat org.apache.maven.surefire.junitplatform.JUnitPlatformProvider.invokeAllTests(JUnitPlatformProvider.java:154)\n\tat org.apache.maven.surefire.junitplatform.JUnitPlatformProvider.invoke(JUnitPlatformProvider.java:127)\n\tat org.apache.maven.surefire.booter.ForkedBooter.runSuitesInProcess(ForkedBooter.java:377)\n\tat org.apache.maven.surefire.booter.ForkedBooter.execute(ForkedBooter.java:138)\n\tat org.apache.maven.surefire.booter.ForkedBooter.run(ForkedBooter.java:465)\n\tat org.apache.maven.surefire.booter.ForkedBooter.main(ForkedBooter.java:451)\nCaused by: java.lang.RuntimeException: java.lang.RuntimeException: Failed to Run driver 'chrome' from driverPath = null\n\tat com.epam.jdi.tools.func.JFunc1.execute(JFunc1.java:21)\n\tat com.epam.jdi.light.driver.WebDriverFactory.getDriver(WebDriverFactory.java:213)\n\t... 38 more\nCaused by: java.lang.RuntimeException: Failed to Run driver 'chrome' from driverPath = null\n\tat com.epam.jdi.light.common.Exceptions.exception(Exceptions.java:31)\n\tat com.epam.jdi.light.driver.WebDriverFactory.getDriverException(WebDriverFactory.java:140)\n\tat com.epam.jdi.light.driver.WebDriverFactory.getDriverByName(WebDriverFactory.java:120)\n\tat com.epam.jdi.tools.func.JFunc1.execute(JFunc1.java:19)\n\t... 39 more\nCaused by: java.lang.RuntimeException: Can't run and register new driver 'chrome'\n\tat com.epam.jdi.light.common.Exceptions.exception(Exceptions.java:31)\n\tat com.epam.jdi.light.driver.WebDriverFactory.registerNewDriver(WebDriverFactory.java:84)\n\tat com.epam.jdi.light.driver.WebDriverFactory.getDriverFromName(WebDriverFactory.java:151)\n\tat com.epam.jdi.light.driver.WebDriverFactory.getDriverByName(WebDriverFactory.java:118)\n\t... 40 more\nCaused by: java.lang.RuntimeException: \nFailed to get valid driver 'chrome'\n\tat com.epam.jdi.light.common.Exceptions.exception(Exceptions.java:16)\n\tat com.epam.jdi.light.driver.WebDriverFactory.getValidDriver(WebDriverFactory.java:107)\n\tat com.epam.jdi.light.driver.WebDriverFactory.registerNewDriver(WebDriverFactory.java:79)\n\t... 42 more\n",
  "flaky" : false,
  "newFailed" : false,
  "beforeStages" : [ ],
  "afterStages" : [ ],
  "labels" : [ {
    "name" : "host",
    "value" : "fv-az120-13"
  }, {
    "name" : "thread",
    "value" : "4032@fv-az120-13.main(1)"
  }, {
    "name" : "framework",
    "value" : "junit-platform"
  }, {
    "name" : "language",
    "value" : "java"
  }, {
    "name" : "package",
    "value" : "org.mytests.tests.example.DataTableTests"
  }, {
    "name" : "testClass",
    "value" : "org.mytests.tests.example.DataTableTests"
  }, {
    "name" : "suite",
    "value" : "org.mytests.tests.example.DataTableTests"
  }, {
    "name" : "resultFormat",
    "value" : "allure2"
  } ],
  "parameters" : [ ],
  "links" : [ ],
  "hidden" : false,
  "retry" : false,
  "extra" : {
    "severity" : "normal",
    "retries" : [ ],
    "categories" : [ {
      "name" : "Test defects",
      "matchedStatuses" : [ ],
      "flaky" : false
    } ],
    "history" : {
      "statistic" : {
        "failed" : 0,
        "broken" : 14,
        "skipped" : 0,
        "passed" : 0,
        "unknown" : 0,
        "total" : 14
      },
      "items" : [ {
        "uid" : "38a11aa25c79a80c",
        "reportUrl" : "https://jdi-templates.github.io/jdi-light-junit-template/5//#testresult/38a11aa25c79a80c",
        "status" : "broken",
        "statusDetails" : "Can't get WebDriver: chrome",
        "time" : {
          "start" : 1630073555886,
          "stop" : 1630073555887,
          "duration" : 1
        }
      }, {
        "uid" : "bae4ebf88866eef",
        "reportUrl" : "https://jdi-templates.github.io/jdi-light-junit-template/5//#testresult/bae4ebf88866eef",
        "status" : "broken",
        "statusDetails" : "Can't get WebDriver: chrome",
        "time" : {
          "start" : 1630073476760,
          "stop" : 1630073476760,
          "duration" : 0
        }
      }, {
        "uid" : "e33e2aad1930055f",
        "reportUrl" : "https://jdi-templates.github.io/jdi-light-junit-template/5//#testresult/e33e2aad1930055f",
        "status" : "broken",
        "statusDetails" : "Can't get WebDriver: chrome",
        "time" : {
          "start" : 1630073405199,
          "stop" : 1630073405199,
          "duration" : 0
        }
      }, {
        "uid" : "74db082414a13f62",
        "reportUrl" : "https://jdi-templates.github.io/jdi-light-junit-template/5//#testresult/74db082414a13f62",
        "status" : "broken",
        "statusDetails" : "Can't get WebDriver: chrome",
        "time" : {
          "start" : 1630073322859,
          "stop" : 1630073322859,
          "duration" : 0
        }
      }, {
        "uid" : "4cff82937a83b2a2",
        "reportUrl" : "https://jdi-templates.github.io/jdi-light-junit-template/4//#testresult/4cff82937a83b2a2",
        "status" : "broken",
        "statusDetails" : "Can't get WebDriver: chrome",
        "time" : {
          "start" : 1629905366353,
          "stop" : 1629905366353,
          "duration" : 0
        }
      }, {
        "uid" : "7e4be1ecda277bb9",
        "reportUrl" : "https://jdi-templates.github.io/jdi-light-junit-template/4//#testresult/7e4be1ecda277bb9",
        "status" : "broken",
        "statusDetails" : "Can't get WebDriver: chrome",
        "time" : {
          "start" : 1629905280041,
          "stop" : 1629905280041,
          "duration" : 0
        }
      }, {
        "uid" : "7ff8284d992be73c",
        "reportUrl" : "https://jdi-templates.github.io/jdi-light-junit-template/4//#testresult/7ff8284d992be73c",
        "status" : "broken",
        "statusDetails" : "Can't get WebDriver: chrome",
        "time" : {
          "start" : 1629905193066,
          "stop" : 1629905193066,
          "duration" : 0
        }
      }, {
        "uid" : "4abc28c3c3f99216",
        "reportUrl" : "https://jdi-templates.github.io/jdi-light-junit-template/4//#testresult/4abc28c3c3f99216",
        "status" : "broken",
        "statusDetails" : "Can't get WebDriver: chrome",
        "time" : {
          "start" : 1629905118808,
          "stop" : 1629905118808,
          "duration" : 0
        }
      }, {
        "uid" : "e0f030325eed5f96",
        "reportUrl" : "https://jdi-templates.github.io/jdi-light-junit-template/4//#testresult/e0f030325eed5f96",
        "status" : "broken",
        "statusDetails" : "Can't get WebDriver: chrome",
        "time" : {
          "start" : 1629905050545,
          "stop" : 1629905050545,
          "duration" : 0
        }
      }, {
        "uid" : "63027db04d47dca7",
        "reportUrl" : "https://jdi-templates.github.io/jdi-light-junit-template/4//#testresult/63027db04d47dca7",
        "status" : "broken",
        "statusDetails" : "Can't get WebDriver: chrome",
        "time" : {
          "start" : 1629904975236,
          "stop" : 1629904975236,
          "duration" : 0
        }
      }, {
        "uid" : "fedab60c05670156",
        "reportUrl" : "https://jdi-templates.github.io/jdi-light-junit-template/4//#testresult/fedab60c05670156",
        "status" : "broken",
        "statusDetails" : "Can't get WebDriver: chrome",
        "time" : {
          "start" : 1629904903159,
          "stop" : 1629904903159,
          "duration" : 0
        }
      }, {
        "uid" : "c449521942080952",
        "reportUrl" : "https://jdi-templates.github.io/jdi-light-junit-template/4//#testresult/c449521942080952",
        "status" : "broken",
        "statusDetails" : "Can't get WebDriver: chrome",
        "time" : {
          "start" : 1629904826562,
          "stop" : 1629904826562,
          "duration" : 0
        }
      }, {
        "uid" : "b3bbd16e0f0d6c47",
        "reportUrl" : "https://jdi-templates.github.io/jdi-light-junit-template/3//#testresult/b3bbd16e0f0d6c47",
        "status" : "broken",
        "statusDetails" : "Can't get WebDriver: chrome",
        "time" : {
          "start" : 1629904693605,
          "stop" : 1629904693605,
          "duration" : 0
        }
      } ]
    },
    "tags" : [ ]
  },
  "source" : "f4f003d0c1c3e662.json",
  "parameterValues" : [ ]
}